# JRE version: OpenJDK Runtime Environment Temurin-17.0.3+7 (17.0.3+7) (build 17.0.3+7)
# Java VM: OpenJDK 64-Bit Server VM Temurin-17.0.3+7 (17.0.3+7, mixed mode, emulated-client, tiered, compressed oops, compressed class ptrs, g1 gc, windows-amd64)
GC Precious Log:
 CPUs: 4 total, 4 available
 Memory: 7068M
 Large Page Support: Disabled
 NUMA Support: Disabled
 Compressed Oops: Enabled (32-bit)
 Heap Region Size: 1M
 Heap Min Capacity: 8M
 Heap Initial Capacity: 112M
 Heap Max Capacity: 1768M
 Pre-touch: Disabled
 Parallel Workers: 4
 Concurrent Workers: 1
 Concurrent Refinement Workers: 4
 Periodic GC: Disabled
Heap:
 garbage-first heap   total 51200K, used 15140K [0x0000000091800000, 0x0000000100000000)
  region size 1024K, 1 young (1024K), 0 survivors (0K)
 Metaspace       used 40618K, committed 41088K, reserved 1089536K
  class space    used 5587K, committed 5760K, reserved 1048576K
GC Heap History (20 events):
Event: 6039.148 GC heap before
{Heap before GC invocations=619 (full 583):
 garbage-first heap   total 51200K, used 15140K [0x0000000091800000, 0x0000000100000000)
  region size 1024K, 1 young (1024K), 0 survivors (0K)
 Metaspace       used 40618K, committed 41088K, reserved 1089536K
  class space    used 5587K, committed 5760K, reserved 1048576K
}
Event: 6039.179 GC heap after
{Heap after GC invocations=620 (full 584):
 garbage-first heap   total 51200K, used 15140K [0x0000000091800000, 0x0000000100000000)
  region size 1024K, 0 young (0K), 0 survivors (0K)
 Metaspace       used 40618K, committed 41088K, reserved 1089536K
  class space    used 5587K, committed 5760K, reserved 1048576K
}
Event: 6049.366 GC heap before
{Heap before GC invocations=620 (full 584):
 garbage-first heap   total 51200K, used 15140K [0x0000000091800000, 0x0000000100000000)
  region size 1024K, 1 young (1024K), 0 survivors (0K)
 Metaspace       used 40618K, committed 41088K, reserved 1089536K
  class space    used 5587K, committed 5760K, reserved 1048576K
}
Event: 6049.399 GC heap after
{Heap after GC invocations=621 (full 585):
 garbage-first heap   total 51200K, used 15140K [0x0000000091800000, 0x0000000100000000)
  region size 1024K, 0 young (0K), 0 survivors (0K)
 Metaspace       used 40618K, committed 41088K, reserved 1089536K
  class space    used 5587K, committed 5760K, reserved 1048576K
}
Event: 6060.066 GC heap before
{Heap before GC invocations=621 (full 585):
 garbage-first heap   total 51200K, used 15140K [0x0000000091800000, 0x0000000100000000)
  region size 1024K, 1 young (1024K), 0 survivors (0K)
 Metaspace       used 40618K, committed 41088K, reserved 1089536K
  class space    used 5587K, committed 5760K, reserved 1048576K
}
Event: 6060.097 GC heap after
{Heap after GC invocations=622 (full 586):
 garbage-first heap   total 51200K, used 15140K [0x0000000091800000, 0x0000000100000000)
  region size 1024K, 0 young (0K), 0 survivors (0K)
 Metaspace       used 40618K, committed 41088K, reserved 1089536K
  class space    used 5587K, committed 5760K, reserved 1048576K
}
Event: 6070.544 GC heap before
{Heap before GC invocations=622 (full 586):
 garbage-first heap   total 51200K, used 15140K [0x0000000091800000, 0x0000000100000000)
  region size 1024K, 1 young (1024K), 0 survivors (0K)
 Metaspace       used 40618K, committed 41088K, reserved 1089536K
  class space    used 5587K, committed 5760K, reserved 1048576K
}
Event: 6070.579 GC heap after
{Heap after GC invocations=623 (full 587):
 garbage-first heap   total 51200K, used 15140K [0x0000000091800000, 0x0000000100000000)
  region size 1024K, 0 young (0K), 0 survivors (0K)
 Metaspace       used 40618K, committed 41088K, reserved 1089536K
  class space    used 5587K, committed 5760K, reserved 1048576K
}
Event: 6080.762 GC heap before
{Heap before GC invocations=623 (full 587):
 garbage-first heap   total 51200K, used 15140K [0x0000000091800000, 0x0000000100000000)
  region size 1024K, 1 young (1024K), 0 survivors (0K)
 Metaspace       used 40618K, committed 41088K, reserved 1089536K
  class space    used 5587K, committed 5760K, reserved 1048576K
}
Event: 6080.792 GC heap after
{Heap after GC invocations=624 (full 588):
 garbage-first heap   total 51200K, used 15140K [0x0000000091800000, 0x0000000100000000)
  region size 1024K, 0 young (0K), 0 survivors (0K)
 Metaspace       used 40618K, committed 41088K, reserved 1089536K
  class space    used 5587K, committed 5760K, reserved 1048576K
}
Event: 6090.987 GC heap before
{Heap before GC invocations=624 (full 588):
 garbage-first heap   total 51200K, used 15140K [0x0000000091800000, 0x0000000100000000)
  region size 1024K, 1 young (1024K), 0 survivors (0K)
 Metaspace       used 40618K, committed 41088K, reserved 1089536K
  class space    used 5587K, committed 5760K, reserved 1048576K
}
Event: 6091.017 GC heap after
{Heap after GC invocations=625 (full 589):
 garbage-first heap   total 51200K, used 15140K [0x0000000091800000, 0x0000000100000000)
  region size 1024K, 0 young (0K), 0 survivors (0K)
 Metaspace       used 40618K, committed 41088K, reserved 1089536K
  class space    used 5587K, committed 5760K, reserved 1048576K
}
Event: 6101.261 GC heap before
{Heap before GC invocations=625 (full 589):
 garbage-first heap   total 51200K, used 15140K [0x0000000091800000, 0x0000000100000000)
  region size 1024K, 1 young (1024K), 0 survivors (0K)
 Metaspace       used 40618K, committed 41088K, reserved 1089536K
  class space    used 5587K, committed 5760K, reserved 1048576K
}
Event: 6101.290 GC heap after
{Heap after GC invocations=626 (full 590):
 garbage-first heap   total 51200K, used 15140K [0x0000000091800000, 0x0000000100000000)
  region size 1024K, 0 young (0K), 0 survivors (0K)
 Metaspace       used 40618K, committed 41088K, reserved 1089536K
  class space    used 5587K, committed 5760K, reserved 1048576K
}
Event: 6111.450 GC heap before
{Heap before GC invocations=626 (full 590):
 garbage-first heap   total 51200K, used 15140K [0x0000000091800000, 0x0000000100000000)
  region size 1024K, 1 young (1024K), 0 survivors (0K)
 Metaspace       used 40618K, committed 41088K, reserved 1089536K
  class space    used 5587K, committed 5760K, reserved 1048576K
}
Event: 6111.479 GC heap after
{Heap after GC invocations=627 (full 591):
 garbage-first heap   total 51200K, used 15140K [0x0000000091800000, 0x0000000100000000)
  region size 1024K, 0 young (0K), 0 survivors (0K)
 Metaspace       used 40618K, committed 41088K, reserved 1089536K
  class space    used 5587K, committed 5760K, reserved 1048576K
}
Event: 6121.660 GC heap before
{Heap before GC invocations=627 (full 591):
 garbage-first heap   total 51200K, used 15140K [0x0000000091800000, 0x0000000100000000)
  region size 1024K, 1 young (1024K), 0 survivors (0K)
 Metaspace       used 40618K, committed 41088K, reserved 1089536K
  class space    used 5587K, committed 5760K, reserved 1048576K
}
Event: 6121.691 GC heap after
{Heap after GC invocations=628 (full 592):
 garbage-first heap   total 51200K, used 15140K [0x0000000091800000, 0x0000000100000000)
  region size 1024K, 0 young (0K), 0 survivors (0K)
 Metaspace       used 40618K, committed 41088K, reserved 1089536K
  class space    used 5587K, committed 5760K, reserved 1048576K
}
Event: 6131.854 GC heap before
{Heap before GC invocations=628 (full 592):
 garbage-first heap   total 51200K, used 15140K [0x0000000091800000, 0x0000000100000000)
  region size 1024K, 1 young (1024K), 0 survivors (0K)
 Metaspace       used 40618K, committed 41088K, reserved 1089536K
  class space    used 5587K, committed 5760K, reserved 1048576K
}
Event: 6131.881 GC heap after
{Heap after GC invocations=629 (full 593):
 garbage-first heap   total 51200K, used 15140K [0x0000000091800000, 0x0000000100000000)
  region size 1024K, 0 young (0K), 0 survivors (0K)
 Metaspace       used 40618K, committed 41088K, reserved 1089536K
  class space    used 5587K, committed 5760K, reserved 1048576K
}

